The target system is: Generic - 1.13.99 - arm
The host system is: Linux - 4.20.0-arch1-1-ARCH - x86_64
Compiling the C compiler identification source file "CMakeCCompilerId.c" succeeded.
Compiler: /opt/zephyr-sdk/sysroots/x86_64-pokysdk-linux/usr/bin/arm-zephyr-eabi/arm-zephyr-eabi-gcc 
Build flags: 
Id flags: -c 

The output was:
0


Compilation of the C compiler identification source "CMakeCCompilerId.c" produced "CMakeCCompilerId.o"

The C compiler identification is GNU, found in "/home/lucas/Projects/cpp_code/build/CMakeFiles/3.13.2/CompilerIdC/CMakeCCompilerId.o"

Compiling the CXX compiler identification source file "CMakeCXXCompilerId.cpp" succeeded.
Compiler: /opt/zephyr-sdk/sysroots/x86_64-pokysdk-linux/usr/bin/arm-zephyr-eabi/arm-zephyr-eabi-g++ 
Build flags: 
Id flags: -c 

The output was:
0


Compilation of the CXX compiler identification source "CMakeCXXCompilerId.cpp" produced "CMakeCXXCompilerId.o"

The CXX compiler identification is GNU, found in "/home/lucas/Projects/cpp_code/build/CMakeFiles/3.13.2/CompilerIdCXX/CMakeCXXCompilerId.o"

Checking whether the ASM compiler is GNU using "--version" matched "(GNU assembler)|(GCC)|(Free Software Foundation)":
arm-zephyr-eabi-gcc (GCC) 6.2.0
Copyright (C) 2016 Free Software Foundation, Inc.
This is free software; see the source for copying conditions.  There is NO
warranty; not even for MERCHANTABILITY or FITNESS FOR A PARTICULAR PURPOSE.

Performing C SOURCE FILE Test toolchain_is_ok succeeded with the following output:
Change Dir: /home/lucas/Projects/cpp_code/build/CMakeFiles/CMakeTmp

Run Build Command:"/usr/bin/make" "cmTC_9aff1/fast"
/usr/bin/make -f CMakeFiles/cmTC_9aff1.dir/build.make CMakeFiles/cmTC_9aff1.dir/build
make[1]: Entering directory '/home/lucas/Projects/cpp_code/build/CMakeFiles/CMakeTmp'
Building C object CMakeFiles/cmTC_9aff1.dir/src.c.obj
/opt/zephyr-sdk/sysroots/x86_64-pokysdk-linux/usr/bin/arm-zephyr-eabi/arm-zephyr-eabi-gcc   -Dtoolchain_is_ok -nostartfiles -nostdlib -isystem "/opt/zephyr-sdk/sysroots/x86_64-pokysdk-linux/usr/bin/arm-zephyr-eabi/../../lib/arm-zephyr-eabi/gcc/arm-zephyr-eabi/6.2.0/include" -isystem "/opt/zephyr-sdk/sysroots/x86_64-pokysdk-linux/usr/bin/arm-zephyr-eabi/../../lib/arm-zephyr-eabi/gcc/arm-zephyr-eabi/6.2.0/include-fixed" -Wl,--unresolved-symbols=ignore-in-object-files   -o CMakeFiles/cmTC_9aff1.dir/src.c.obj   -c /home/lucas/Projects/cpp_code/build/CMakeFiles/CMakeTmp/src.c
Linking C executable cmTC_9aff1
/usr/bin/cmake -E cmake_link_script CMakeFiles/cmTC_9aff1.dir/link.txt --verbose=1
/opt/zephyr-sdk/sysroots/x86_64-pokysdk-linux/usr/bin/arm-zephyr-eabi/arm-zephyr-eabi-gcc  -Dtoolchain_is_ok -nostartfiles -nostdlib -isystem "/opt/zephyr-sdk/sysroots/x86_64-pokysdk-linux/usr/bin/arm-zephyr-eabi/../../lib/arm-zephyr-eabi/gcc/arm-zephyr-eabi/6.2.0/include" -isystem "/opt/zephyr-sdk/sysroots/x86_64-pokysdk-linux/usr/bin/arm-zephyr-eabi/../../lib/arm-zephyr-eabi/gcc/arm-zephyr-eabi/6.2.0/include-fixed" -Wl,--unresolved-symbols=ignore-in-object-files    CMakeFiles/cmTC_9aff1.dir/src.c.obj  -o cmTC_9aff1 
/opt/zephyr-sdk/sysroots/x86_64-pokysdk-linux/usr/bin/arm-zephyr-eabi/../../libexec/arm-zephyr-eabi/gcc/arm-zephyr-eabi/6.2.0/real-ld: warning: cannot find entry symbol _start; defaulting to 0000000000008024
make[1]: Leaving directory '/home/lucas/Projects/cpp_code/build/CMakeFiles/CMakeTmp'

Source file was:
int main(void) { return 0; }
